<?xml version="1.0" encoding="UTF-8"?>
<!-- Generated by org.testng.reporters.JUnitXMLReporter -->
<testsuite ignored="2" hostname="DESKTOP-SOJ1GP8" failures="1" tests="1" name="Default test(failed)" time="9.337" errors="0" timestamp="2024-03-13T08:59:20 EDT">
  <testcase classname="com.qa.opencart.base.LoginPageTest" name="appLoginTest" time="0.004">
    <failure type="java.lang.NullPointerException" message="Cannot invoke &amp;quot;String.trim()&amp;quot; because the return value of &amp;quot;java.util.Properties.getProperty(String)&amp;quot; is null">
      <![CDATA[java.lang.NullPointerException: Cannot invoke "String.trim()" because the return value of "java.util.Properties.getProperty(String)" is null
at com.qa.opencart.base.LoginPageTest.appLoginTest(LoginPageTest.java:25)
at java.base/java.util.ArrayList.forEach(ArrayList.java:1511)
... Removed 27 stack frames]]>
    </failure>
  </testcase> <!-- appLoginTest -->
  <testcase classname="com.qa.opencart.base.LoginPageTest" name="loginPageNavigationTest" time="0.0">
    <ignored/>
  </testcase> <!-- loginPageNavigationTest -->
  <testcase classname="com.qa.opencart.base.LoginPageTest" name="forgotPwdLinkExistTest" time="0.0">
    <ignored/>
  </testcase> <!-- forgotPwdLinkExistTest -->
</testsuite> <!-- Default test(failed) -->
