<?xml version="1.0" encoding="UTF-8"?>
<!-- Generated by org.testng.reporters.JUnitXMLReporter -->
<testsuite ignored="0" hostname="DESKTOP-SOJ1GP8" failures="0" tests="3" name="Default test" time="10.456" errors="0" timestamp="2024-03-17T12:22:20 EDT">
  <testcase classname="com.qa.opencart.base.LoginPageTest" name="loginPageNavigationTest" time="0.738"/>
  <testcase classname="com.qa.opencart.base.LoginPageTest" name="forgotPwdLinkExistTest" time="0.026"/>
  <testcase classname="com.qa.opencart.base.LoginPageTest" name="appLoginTest" time="0.876"/>
</testsuite> <!-- Default test -->
